# JRE version: OpenJDK Runtime Environment (8.0_152-b01) (build 1.8.0_152-release-1248-b01)
# Java VM: OpenJDK 64-Bit Server VM (25.152-b01 mixed mode linux-amd64 compressed oops)
Heap:
 PSYoungGen      total 315392K, used 0K [0x00000000e0000000, 0x0000000100000000, 0x0000000100000000)
  eden space 242688K, 0% used [0x00000000e0000000,0x00000000e0000000,0x00000000eed00000)
  from space 72704K, 0% used [0x00000000fb900000,0x00000000fb900000,0x0000000100000000)
  to   space 140800K, 0% used [0x00000000eed00000,0x00000000eed00000,0x00000000f7680000)
 ParOldGen       total 322560K, used 315780K [0x00000000a0000000, 0x00000000b3b00000, 0x00000000e0000000)
  object space 322560K, 97% used [0x00000000a0000000,0x00000000b3461258,0x00000000b3b00000)
 Metaspace       used 87094K, capacity 90762K, committed 91008K, reserved 1128448K
  class space    used 11210K, capacity 12073K, committed 12160K, reserved 1048576K
GC Heap History (10 events):
Event: 167.430 GC heap after
Heap after GC invocations=25 (full 4):
 PSYoungGen      total 450048K, used 56755K [0x00000000e0000000, 0x0000000100000000, 0x0000000100000000)
  eden space 393216K, 0% used [0x00000000e0000000,0x00000000e0000000,0x00000000f8000000)
  from space 56832K, 99% used [0x00000000f8000000,0x00000000fb76ccd8,0x00000000fb780000)
  to   space 72704K, 0% used [0x00000000fb900000,0x00000000fb900000,0x0000000100000000)
 ParOldGen       total 224256K, used 155979K [0x00000000a0000000, 0x00000000adb00000, 0x00000000e0000000)
  object space 224256K, 69% used [0x00000000a0000000,0x00000000a9852e68,0x00000000adb00000)
 Metaspace       used 86910K, capacity 90526K, committed 90752K, reserved 1128448K
  class space    used 11200K, capacity 12039K, committed 12160K, reserved 1048576K
}
Event: 167.430 GC heap before
{Heap before GC invocations=26 (full 4):
 PSYoungGen      total 450048K, used 57295K [0x00000000e0000000, 0x0000000100000000, 0x0000000100000000)
  eden space 393216K, 0% used [0x00000000e0000000,0x00000000e0086fe8,0x00000000f8000000)
  from space 56832K, 99% used [0x00000000f8000000,0x00000000fb76ccd8,0x00000000fb780000)
  to   space 72704K, 0% used [0x00000000fb900000,0x00000000fb900000,0x0000000100000000)
 ParOldGen       total 224256K, used 155979K [0x00000000a0000000, 0x00000000adb00000, 0x00000000e0000000)
  object space 224256K, 69% used [0x00000000a0000000,0x00000000a9852e68,0x00000000adb00000)
 Metaspace       used 86910K, capacity 90526K, committed 90752K, reserved 1128448K
  class space    used 11200K, capacity 12039K, committed 12160K, reserved 1048576K
Event: 167.543 GC heap after
Heap after GC invocations=26 (full 4):
 PSYoungGen      total 451584K, used 32K [0x00000000e0000000, 0x0000000100000000, 0x0000000100000000)
  eden space 378880K, 0% used [0x00000000e0000000,0x00000000e0000000,0x00000000f7200000)
  from space 72704K, 0% used [0x00000000fb900000,0x00000000fb908000,0x0000000100000000)
  to   space 72704K, 0% used [0x00000000f7200000,0x00000000f7200000,0x00000000fb900000)
 ParOldGen       total 224256K, used 213240K [0x00000000a0000000, 0x00000000adb00000, 0x00000000e0000000)
  object space 224256K, 95% used [0x00000000a0000000,0x00000000ad03e028,0x00000000adb00000)
 Metaspace       used 86910K, capacity 90526K, committed 90752K, reserved 1128448K
  class space    used 11200K, capacity 12039K, committed 12160K, reserved 1048576K
}
Event: 167.543 GC heap before
{Heap before GC invocations=27 (full 5):
 PSYoungGen      total 451584K, used 32K [0x00000000e0000000, 0x0000000100000000, 0x0000000100000000)
  eden space 378880K, 0% used [0x00000000e0000000,0x00000000e0000000,0x00000000f7200000)
  from space 72704K, 0% used [0x00000000fb900000,0x00000000fb908000,0x0000000100000000)
  to   space 72704K, 0% used [0x00000000f7200000,0x00000000f7200000,0x00000000fb900000)
 ParOldGen       total 224256K, used 213240K [0x00000000a0000000, 0x00000000adb00000, 0x00000000e0000000)
  object space 224256K, 95% used [0x00000000a0000000,0x00000000ad03e028,0x00000000adb00000)
 Metaspace       used 86910K, capacity 90526K, committed 90752K, reserved 1128448K
  class space    used 11200K, capacity 12039K, committed 12160K, reserved 1048576K
Event: 167.992 GC heap after
Heap after GC invocations=27 (full 5):
 PSYoungGen      total 451584K, used 0K [0x00000000e0000000, 0x0000000100000000, 0x0000000100000000)
  eden space 378880K, 0% used [0x00000000e0000000,0x00000000e0000000,0x00000000f7200000)
  from space 72704K, 0% used [0x00000000fb900000,0x00000000fb900000,0x0000000100000000)
  to   space 72704K, 0% used [0x00000000f7200000,0x00000000f7200000,0x00000000fb900000)
 ParOldGen       total 322560K, used 142958K [0x00000000a0000000, 0x00000000b3b00000, 0x00000000e0000000)
  object space 322560K, 44% used [0x00000000a0000000,0x00000000a8b9b9c0,0x00000000b3b00000)
 Metaspace       used 86910K, capacity 90526K, committed 90752K, reserved 1128448K
  class space    used 11200K, capacity 12039K, committed 12160K, reserved 1048576K
}
Event: 168.472 GC heap before
{Heap before GC invocations=28 (full 5):
 PSYoungGen      total 451584K, used 378880K [0x00000000e0000000, 0x0000000100000000, 0x0000000100000000)
  eden space 378880K, 100% used [0x00000000e0000000,0x00000000f7200000,0x00000000f7200000)
  from space 72704K, 0% used [0x00000000fb900000,0x00000000fb900000,0x0000000100000000)
  to   space 72704K, 0% used [0x00000000f7200000,0x00000000f7200000,0x00000000fb900000)
 ParOldGen       total 322560K, used 142958K [0x00000000a0000000, 0x00000000b3b00000, 0x00000000e0000000)
  object space 322560K, 44% used [0x00000000a0000000,0x00000000a8b9ba78,0x00000000b3b00000)
 Metaspace       used 87066K, capacity 90750K, committed 91008K, reserved 1128448K
  class space    used 11206K, capacity 12071K, committed 12160K, reserved 1048576K
Event: 168.534 GC heap after
Heap after GC invocations=28 (full 5):
 PSYoungGen      total 451584K, used 72678K [0x00000000e0000000, 0x0000000100000000, 0x0000000100000000)
  eden space 378880K, 0% used [0x00000000e0000000,0x00000000e0000000,0x00000000f7200000)
  from space 72704K, 99% used [0x00000000f7200000,0x00000000fb8f9860,0x00000000fb900000)
  to   space 72704K, 0% used [0x00000000fb900000,0x00000000fb900000,0x0000000100000000)
 ParOldGen       total 322560K, used 175626K [0x00000000a0000000, 0x00000000b3b00000, 0x00000000e0000000)
  object space 322560K, 54% used [0x00000000a0000000,0x00000000aab829c8,0x00000000b3b00000)
 Metaspace       used 87066K, capacity 90750K, committed 91008K, reserved 1128448K
  class space    used 11206K, capacity 12071K, committed 12160K, reserved 1048576K
}
Event: 169.025 GC heap before
{Heap before GC invocations=29 (full 5):
 PSYoungGen      total 451584K, used 451558K [0x00000000e0000000, 0x0000000100000000, 0x0000000100000000)
  eden space 378880K, 100% used [0x00000000e0000000,0x00000000f7200000,0x00000000f7200000)
  from space 72704K, 99% used [0x00000000f7200000,0x00000000fb8f9860,0x00000000fb900000)
  to   space 72704K, 0% used [0x00000000fb900000,0x00000000fb900000,0x0000000100000000)
 ParOldGen       total 322560K, used 175631K [0x00000000a0000000, 0x00000000b3b00000, 0x00000000e0000000)
  object space 322560K, 54% used [0x00000000a0000000,0x00000000aab83e20,0x00000000b3b00000)
 Metaspace       used 87094K, capacity 90762K, committed 91008K, reserved 1128448K
  class space    used 11210K, capacity 12073K, committed 12160K, reserved 1048576K
Event: 169.223 GC heap after
Heap after GC invocations=29 (full 5):
 PSYoungGen      total 315392K, used 72696K [0x00000000e0000000, 0x0000000100000000, 0x0000000100000000)
  eden space 242688K, 0% used [0x00000000e0000000,0x00000000e0000000,0x00000000eed00000)
  from space 72704K, 99% used [0x00000000fb900000,0x00000000ffffe2a0,0x0000000100000000)
  to   space 140800K, 0% used [0x00000000eed00000,0x00000000eed00000,0x00000000f7680000)
 ParOldGen       total 322560K, used 269093K [0x00000000a0000000, 0x00000000b3b00000, 0x00000000e0000000)
  object space 322560K, 83% used [0x00000000a0000000,0x00000000b06c9658,0x00000000b3b00000)
 Metaspace       used 87094K, capacity 90762K, committed 91008K, reserved 1128448K
  class space    used 11210K, capacity 12073K, committed 12160K, reserved 1048576K
}
Event: 169.223 GC heap before
{Heap before GC invocations=30 (full 6):
 PSYoungGen      total 315392K, used 72696K [0x00000000e0000000, 0x0000000100000000, 0x0000000100000000)
  eden space 242688K, 0% used [0x00000000e0000000,0x00000000e0000000,0x00000000eed00000)
  from space 72704K, 99% used [0x00000000fb900000,0x00000000ffffe2a0,0x0000000100000000)
  to   space 140800K, 0% used [0x00000000eed00000,0x00000000eed00000,0x00000000f7680000)
 ParOldGen       total 322560K, used 269093K [0x00000000a0000000, 0x00000000b3b00000, 0x00000000e0000000)
  object space 322560K, 83% used [0x00000000a0000000,0x00000000b06c9658,0x00000000b3b00000)
 Metaspace       used 87094K, capacity 90762K, committed 91008K, reserved 1128448K
  class space    used 11210K, capacity 12073K, committed 12160K, reserved 1048576K

